# JRE version: Java(TM) SE Runtime Environment (7.0_51-b13) (build 1.7.0_51-b13)
# Java VM: Java HotSpot(TM) 64-Bit Server VM (24.51-b03 mixed mode windows-amd64 compressed oops)
Heap
 PSYoungGen      total 519168K, used 2432K [0x00000000e0080000, 0x0000000100000000, 0x0000000100000000)
  eden space 514560K, 0% used [0x00000000e0080000,0x00000000e0080000,0x00000000ff700000)
  from space 4608K, 52% used [0x00000000ff700000,0x00000000ff960000,0x00000000ffb80000)
  to   space 4608K, 0% used [0x00000000ffb80000,0x00000000ffb80000,0x0000000100000000)
 ParOldGen       total 425984K, used 422869K [0x00000000a0200000, 0x00000000ba200000, 0x00000000e0080000)
  object space 425984K, 99% used [0x00000000a0200000,0x00000000b9ef57f0,0x00000000ba200000)
 PSPermGen       total 21504K, used 11759K [0x000000009b000000, 0x000000009c500000, 0x00000000a0200000)
  object space 21504K, 54% used [0x000000009b000000,0x000000009bb7bec8,0x000000009c500000)
GC Heap History (10 events):
Event: 15637.555 GC heap after
Heap after GC invocations=67142 (full 121):
 PSYoungGen      total 520704K, used 2176K [0x00000000e0080000, 0x0000000100000000, 0x0000000100000000)
  eden space 517632K, 0% used [0x00000000e0080000,0x00000000e0080000,0x00000000ffa00000)
  from space 3072K, 70% used [0x00000000ffa00000,0x00000000ffc20000,0x00000000ffd00000)
  to   space 3072K, 0% used [0x00000000ffd00000,0x00000000ffd00000,0x0000000100000000)
 ParOldGen       total 425984K, used 412749K [0x00000000a0200000, 0x00000000ba200000, 0x00000000e0080000)
  object space 425984K, 96% used [0x00000000a0200000,0x00000000b95137f0,0x00000000ba200000)
 PSPermGen       total 21504K, used 11759K [0x000000009b000000, 0x000000009c500000, 0x00000000a0200000)
  object space 21504K, 54% used [0x000000009b000000,0x000000009bb7bec8,0x000000009c500000)
}
Event: 15637.792 GC heap before
{Heap before GC invocations=67143 (full 121):
 PSYoungGen      total 520704K, used 519808K [0x00000000e0080000, 0x0000000100000000, 0x0000000100000000)
  eden space 517632K, 100% used [0x00000000e0080000,0x00000000ffa00000,0x00000000ffa00000)
  from space 3072K, 70% used [0x00000000ffa00000,0x00000000ffc20000,0x00000000ffd00000)
  to   space 3072K, 0% used [0x00000000ffd00000,0x00000000ffd00000,0x0000000100000000)
 ParOldGen       total 425984K, used 412749K [0x00000000a0200000, 0x00000000ba200000, 0x00000000e0080000)
  object space 425984K, 96% used [0x00000000a0200000,0x00000000b95137f0,0x00000000ba200000)
 PSPermGen       total 21504K, used 11759K [0x000000009b000000, 0x000000009c500000, 0x00000000a0200000)
  object space 21504K, 54% used [0x000000009b000000,0x000000009bb7bec8,0x000000009c500000)
Event: 15637.809 GC heap after
Heap after GC invocations=67143 (full 121):
 PSYoungGen      total 519680K, used 2720K [0x00000000e0080000, 0x0000000100000000, 0x0000000100000000)
  eden space 516608K, 0% used [0x00000000e0080000,0x00000000e0080000,0x00000000ff900000)
  from space 3072K, 88% used [0x00000000ffd00000,0x00000000fffa8000,0x0000000100000000)
  to   space 3584K, 0% used [0x00000000ff900000,0x00000000ff900000,0x00000000ffc80000)
 ParOldGen       total 425984K, used 414805K [0x00000000a0200000, 0x00000000ba200000, 0x00000000e0080000)
  object space 425984K, 97% used [0x00000000a0200000,0x00000000b97157f0,0x00000000ba200000)
 PSPermGen       total 21504K, used 11759K [0x000000009b000000, 0x000000009c500000, 0x00000000a0200000)
  object space 21504K, 54% used [0x000000009b000000,0x000000009bb7bec8,0x000000009c500000)
}
Event: 15638.037 GC heap before
{Heap before GC invocations=67144 (full 121):
 PSYoungGen      total 519680K, used 519328K [0x00000000e0080000, 0x0000000100000000, 0x0000000100000000)
  eden space 516608K, 100% used [0x00000000e0080000,0x00000000ff900000,0x00000000ff900000)
  from space 3072K, 88% used [0x00000000ffd00000,0x00000000fffa8000,0x0000000100000000)
  to   space 3584K, 0% used [0x00000000ff900000,0x00000000ff900000,0x00000000ffc80000)
 ParOldGen       total 425984K, used 414805K [0x00000000a0200000, 0x00000000ba200000, 0x00000000e0080000)
  object space 425984K, 97% used [0x00000000a0200000,0x00000000b97157f0,0x00000000ba200000)
 PSPermGen       total 21504K, used 11759K [0x000000009b000000, 0x000000009c500000, 0x00000000a0200000)
  object space 21504K, 54% used [0x000000009b000000,0x000000009bb7bec8,0x000000009c500000)
Event: 15638.053 GC heap after
Heap after GC invocations=67144 (full 121):
 PSYoungGen      total 519680K, used 2944K [0x00000000e0080000, 0x0000000100000000, 0x0000000100000000)
  eden space 516608K, 0% used [0x00000000e0080000,0x00000000e0080000,0x00000000ff900000)
  from space 3072K, 95% used [0x00000000ff900000,0x00000000ffbe0000,0x00000000ffc00000)
  to   space 4096K, 0% used [0x00000000ffc00000,0x00000000ffc00000,0x0000000100000000)
 ParOldGen       total 425984K, used 417405K [0x00000000a0200000, 0x00000000ba200000, 0x00000000e0080000)
  object space 425984K, 97% used [0x00000000a0200000,0x00000000b999f7f0,0x00000000ba200000)
 PSPermGen       total 21504K, used 11759K [0x000000009b000000, 0x000000009c500000, 0x00000000a0200000)
  object space 21504K, 54% used [0x000000009b000000,0x000000009bb7bec8,0x000000009c500000)
}
Event: 15638.275 GC heap before
{Heap before GC invocations=67145 (full 121):
 PSYoungGen      total 519680K, used 519552K [0x00000000e0080000, 0x0000000100000000, 0x0000000100000000)
  eden space 516608K, 100% used [0x00000000e0080000,0x00000000ff900000,0x00000000ff900000)
  from space 3072K, 95% used [0x00000000ff900000,0x00000000ffbe0000,0x00000000ffc00000)
  to   space 4096K, 0% used [0x00000000ffc00000,0x00000000ffc00000,0x0000000100000000)
 ParOldGen       total 425984K, used 417405K [0x00000000a0200000, 0x00000000ba200000, 0x00000000e0080000)
  object space 425984K, 97% used [0x00000000a0200000,0x00000000b999f7f0,0x00000000ba200000)
 PSPermGen       total 21504K, used 11759K [0x000000009b000000, 0x000000009c500000, 0x00000000a0200000)
  object space 21504K, 54% used [0x000000009b000000,0x000000009bb7bec8,0x000000009c500000)
Event: 15638.294 GC heap after
Heap after GC invocations=67145 (full 121):
 PSYoungGen      total 518656K, used 2784K [0x00000000e0080000, 0x0000000100000000, 0x0000000100000000)
  eden space 514560K, 0% used [0x00000000e0080000,0x00000000e0080000,0x00000000ff700000)
  from space 4096K, 67% used [0x00000000ffc00000,0x00000000ffeb8000,0x0000000100000000)
  to   space 4608K, 0% used [0x00000000ff700000,0x00000000ff700000,0x00000000ffb80000)
 ParOldGen       total 425984K, used 420205K [0x00000000a0200000, 0x00000000ba200000, 0x00000000e0080000)
  object space 425984K, 98% used [0x00000000a0200000,0x00000000b9c5b7f0,0x00000000ba200000)
 PSPermGen       total 21504K, used 11759K [0x000000009b000000, 0x000000009c500000, 0x00000000a0200000)
  object space 21504K, 54% used [0x000000009b000000,0x000000009bb7bec8,0x000000009c500000)
}
Event: 15638.535 GC heap before
{Heap before GC invocations=67146 (full 121):
 PSYoungGen      total 518656K, used 517344K [0x00000000e0080000, 0x0000000100000000, 0x0000000100000000)
  eden space 514560K, 100% used [0x00000000e0080000,0x00000000ff700000,0x00000000ff700000)
  from space 4096K, 67% used [0x00000000ffc00000,0x00000000ffeb8000,0x0000000100000000)
  to   space 4608K, 0% used [0x00000000ff700000,0x00000000ff700000,0x00000000ffb80000)
 ParOldGen       total 425984K, used 420205K [0x00000000a0200000, 0x00000000ba200000, 0x00000000e0080000)
  object space 425984K, 98% used [0x00000000a0200000,0x00000000b9c5b7f0,0x00000000ba200000)
 PSPermGen       total 21504K, used 11759K [0x000000009b000000, 0x000000009c500000, 0x00000000a0200000)
  object space 21504K, 54% used [0x000000009b000000,0x000000009bb7bec8,0x000000009c500000)
Event: 15638.556 GC heap after
Heap after GC invocations=67146 (full 121):
 PSYoungGen      total 519168K, used 2432K [0x00000000e0080000, 0x0000000100000000, 0x0000000100000000)
  eden space 514560K, 0% used [0x00000000e0080000,0x00000000e0080000,0x00000000ff700000)
  from space 4608K, 52% used [0x00000000ff700000,0x00000000ff960000,0x00000000ffb80000)
  to   space 4608K, 0% used [0x00000000ffb80000,0x00000000ffb80000,0x0000000100000000)
 ParOldGen       total 425984K, used 422869K [0x00000000a0200000, 0x00000000ba200000, 0x00000000e0080000)
  object space 425984K, 99% used [0x00000000a0200000,0x00000000b9ef57f0,0x00000000ba200000)
 PSPermGen       total 21504K, used 11759K [0x000000009b000000, 0x000000009c500000, 0x00000000a0200000)
  object space 21504K, 54% used [0x000000009b000000,0x000000009bb7bec8,0x000000009c500000)
}
Event: 15638.556 GC heap before
{Heap before GC invocations=67147 (full 122):
 PSYoungGen      total 519168K, used 2432K [0x00000000e0080000, 0x0000000100000000, 0x0000000100000000)
  eden space 514560K, 0% used [0x00000000e0080000,0x00000000e0080000,0x00000000ff700000)
  from space 4608K, 52% used [0x00000000ff700000,0x00000000ff960000,0x00000000ffb80000)
  to   space 4608K, 0% used [0x00000000ffb80000,0x00000000ffb80000,0x0000000100000000)
 ParOldGen       total 425984K, used 422869K [0x00000000a0200000, 0x00000000ba200000, 0x00000000e0080000)
  object space 425984K, 99% used [0x00000000a0200000,0x00000000b9ef57f0,0x00000000ba200000)
 PSPermGen       total 21504K, used 11759K [0x000000009b000000, 0x000000009c500000, 0x00000000a0200000)
  object space 21504K, 54% used [0x000000009b000000,0x000000009bb7bec8,0x000000009c500000)

