# JRE version: Java(TM) SE Runtime Environment (7.0_51-b13) (build 1.7.0_51-b13)
# Java VM: Java HotSpot(TM) 64-Bit Server VM (24.51-b03 mixed mode windows-amd64 compressed oops)
Heap
 PSYoungGen      total 504832K, used 487936K [0x00000000e0080000, 0x00000000fff00000, 0x0000000100000000)
  eden space 487936K, 100% used [0x00000000e0080000,0x00000000fdd00000,0x00000000fdd00000)
  from space 16896K, 0% used [0x00000000fee80000,0x00000000fee80000,0x00000000fff00000)
  to   space 17408K, 68% used [0x00000000fdd00000,0x00000000fe8b0000,0x00000000fee00000)
 ParOldGen       total 539648K, used 69211K [0x00000000a0200000, 0x00000000c1100000, 0x00000000e0080000)
  object space 539648K, 12% used [0x00000000a0200000,0x00000000a4596fd0,0x00000000c1100000)
 PSPermGen       total 21504K, used 11571K [0x000000009b000000, 0x000000009c500000, 0x00000000a0200000)
  object space 21504K, 53% used [0x000000009b000000,0x000000009bb4cea8,0x000000009c500000)
GC Heap History (10 events):
Event: 19578.702 GC heap after
Heap after GC invocations=62308 (full 87):
 PSYoungGen      total 505344K, used 14112K [0x00000000e0080000, 0x0000000100000000, 0x0000000100000000)
  eden space 486912K, 0% used [0x00000000e0080000,0x00000000e0080000,0x00000000fdc00000)
  from space 18432K, 76% used [0x00000000fdc00000,0x00000000fe9c8000,0x00000000fee00000)
  to   space 18432K, 0% used [0x00000000fee00000,0x00000000fee00000,0x0000000100000000)
 ParOldGen       total 458240K, used 407384K [0x00000000a0200000, 0x00000000bc180000, 0x00000000e0080000)
  object space 458240K, 88% used [0x00000000a0200000,0x00000000b8fd6318,0x00000000bc180000)
 PSPermGen       total 21504K, used 11571K [0x000000009b000000, 0x000000009c500000, 0x00000000a0200000)
  object space 21504K, 53% used [0x000000009b000000,0x000000009bb4cea8,0x000000009c500000)
}
Event: 19578.984 GC heap before
{Heap before GC invocations=62309 (full 87):
 PSYoungGen      total 505344K, used 501024K [0x00000000e0080000, 0x0000000100000000, 0x0000000100000000)
  eden space 486912K, 100% used [0x00000000e0080000,0x00000000fdc00000,0x00000000fdc00000)
  from space 18432K, 76% used [0x00000000fdc00000,0x00000000fe9c8000,0x00000000fee00000)
  to   space 18432K, 0% used [0x00000000fee00000,0x00000000fee00000,0x0000000100000000)
 ParOldGen       total 458240K, used 407384K [0x00000000a0200000, 0x00000000bc180000, 0x00000000e0080000)
  object space 458240K, 88% used [0x00000000a0200000,0x00000000b8fd6318,0x00000000bc180000)
 PSPermGen       total 21504K, used 11571K [0x000000009b000000, 0x000000009c500000, 0x00000000a0200000)
  object space 21504K, 53% used [0x000000009b000000,0x000000009bb4cea8,0x000000009c500000)
Event: 19579.021 GC heap after
Heap after GC invocations=62309 (full 87):
 PSYoungGen      total 504320K, used 11904K [0x00000000e0080000, 0x00000000fff00000, 0x0000000100000000)
  eden space 486912K, 0% used [0x00000000e0080000,0x00000000e0080000,0x00000000fdc00000)
  from space 17408K, 68% used [0x00000000fee00000,0x00000000ff9a0000,0x00000000fff00000)
  to   space 17920K, 0% used [0x00000000fdc00000,0x00000000fdc00000,0x00000000fed80000)
 ParOldGen       total 458240K, used 421424K [0x00000000a0200000, 0x00000000bc180000, 0x00000000e0080000)
  object space 458240K, 91% used [0x00000000a0200000,0x00000000b9d8c318,0x00000000bc180000)
 PSPermGen       total 21504K, used 11571K [0x000000009b000000, 0x000000009c500000, 0x00000000a0200000)
  object space 21504K, 53% used [0x000000009b000000,0x000000009bb4cea8,0x000000009c500000)
}
Event: 19579.412 GC heap before
{Heap before GC invocations=62310 (full 87):
 PSYoungGen      total 504320K, used 498816K [0x00000000e0080000, 0x00000000fff00000, 0x0000000100000000)
  eden space 486912K, 100% used [0x00000000e0080000,0x00000000fdc00000,0x00000000fdc00000)
  from space 17408K, 68% used [0x00000000fee00000,0x00000000ff9a0000,0x00000000fff00000)
  to   space 17920K, 0% used [0x00000000fdc00000,0x00000000fdc00000,0x00000000fed80000)
 ParOldGen       total 458240K, used 421424K [0x00000000a0200000, 0x00000000bc180000, 0x00000000e0080000)
  object space 458240K, 91% used [0x00000000a0200000,0x00000000b9d8c318,0x00000000bc180000)
 PSPermGen       total 21504K, used 11571K [0x000000009b000000, 0x000000009c500000, 0x00000000a0200000)
  object space 21504K, 53% used [0x000000009b000000,0x000000009bb4cea8,0x000000009c500000)
Event: 19579.459 GC heap after
Heap after GC invocations=62310 (full 87):
 PSYoungGen      total 504832K, used 11904K [0x00000000e0080000, 0x0000000100000000, 0x0000000100000000)
  eden space 486912K, 0% used [0x00000000e0080000,0x00000000e0080000,0x00000000fdc00000)
  from space 17920K, 66% used [0x00000000fdc00000,0x00000000fe7a0000,0x00000000fed80000)
  to   space 17920K, 0% used [0x00000000fee80000,0x00000000fee80000,0x0000000100000000)
 ParOldGen       total 458240K, used 433272K [0x00000000a0200000, 0x00000000bc180000, 0x00000000e0080000)
  object space 458240K, 94% used [0x00000000a0200000,0x00000000ba91e318,0x00000000bc180000)
 PSPermGen       total 21504K, used 11571K [0x000000009b000000, 0x000000009c500000, 0x00000000a0200000)
  object space 21504K, 53% used [0x000000009b000000,0x000000009bb4cea8,0x000000009c500000)
}
Event: 19579.927 GC heap before
{Heap before GC invocations=62311 (full 87):
 PSYoungGen      total 504832K, used 498816K [0x00000000e0080000, 0x0000000100000000, 0x0000000100000000)
  eden space 486912K, 100% used [0x00000000e0080000,0x00000000fdc00000,0x00000000fdc00000)
  from space 17920K, 66% used [0x00000000fdc00000,0x00000000fe7a0000,0x00000000fed80000)
  to   space 17920K, 0% used [0x00000000fee80000,0x00000000fee80000,0x0000000100000000)
 ParOldGen       total 458240K, used 433272K [0x00000000a0200000, 0x00000000bc180000, 0x00000000e0080000)
  object space 458240K, 94% used [0x00000000a0200000,0x00000000ba91e318,0x00000000bc180000)
 PSPermGen       total 21504K, used 11571K [0x000000009b000000, 0x000000009c500000, 0x00000000a0200000)
  object space 21504K, 53% used [0x000000009b000000,0x000000009bb4cea8,0x000000009c500000)
Event: 19579.963 GC heap after
Heap after GC invocations=62311 (full 87):
 PSYoungGen      total 504832K, used 11904K [0x00000000e0080000, 0x00000000fff00000, 0x0000000100000000)
  eden space 487936K, 0% used [0x00000000e0080000,0x00000000e0080000,0x00000000fdd00000)
  from space 16896K, 70% used [0x00000000fee80000,0x00000000ffa20000,0x00000000fff00000)
  to   space 17408K, 0% used [0x00000000fdd00000,0x00000000fdd00000,0x00000000fee00000)
 ParOldGen       total 458240K, used 445128K [0x00000000a0200000, 0x00000000bc180000, 0x00000000e0080000)
  object space 458240K, 97% used [0x00000000a0200000,0x00000000bb4b2318,0x00000000bc180000)
 PSPermGen       total 21504K, used 11571K [0x000000009b000000, 0x000000009c500000, 0x00000000a0200000)
  object space 21504K, 53% used [0x000000009b000000,0x000000009bb4cea8,0x000000009c500000)
}
Event: 19579.964 GC heap before
{Heap before GC invocations=62312 (full 88):
 PSYoungGen      total 504832K, used 11904K [0x00000000e0080000, 0x00000000fff00000, 0x0000000100000000)
  eden space 487936K, 0% used [0x00000000e0080000,0x00000000e0080000,0x00000000fdd00000)
  from space 16896K, 70% used [0x00000000fee80000,0x00000000ffa20000,0x00000000fff00000)
  to   space 17408K, 0% used [0x00000000fdd00000,0x00000000fdd00000,0x00000000fee00000)
 ParOldGen       total 458240K, used 445128K [0x00000000a0200000, 0x00000000bc180000, 0x00000000e0080000)
  object space 458240K, 97% used [0x00000000a0200000,0x00000000bb4b2318,0x00000000bc180000)
 PSPermGen       total 21504K, used 11571K [0x000000009b000000, 0x000000009c500000, 0x00000000a0200000)
  object space 21504K, 53% used [0x000000009b000000,0x000000009bb4cea8,0x000000009c500000)
Event: 19580.730 GC heap after
Heap after GC invocations=62312 (full 88):
 PSYoungGen      total 504832K, used 0K [0x00000000e0080000, 0x00000000fff00000, 0x0000000100000000)
  eden space 487936K, 0% used [0x00000000e0080000,0x00000000e0080000,0x00000000fdd00000)
  from space 16896K, 0% used [0x00000000fee80000,0x00000000fee80000,0x00000000fff00000)
  to   space 17408K, 0% used [0x00000000fdd00000,0x00000000fdd00000,0x00000000fee00000)
 ParOldGen       total 539648K, used 69211K [0x00000000a0200000, 0x00000000c1100000, 0x00000000e0080000)
  object space 539648K, 12% used [0x00000000a0200000,0x00000000a4596fd0,0x00000000c1100000)
 PSPermGen       total 21504K, used 11571K [0x000000009b000000, 0x000000009c500000, 0x00000000a0200000)
  object space 21504K, 53% used [0x000000009b000000,0x000000009bb4cea8,0x000000009c500000)
}
Event: 19581.232 GC heap before
{Heap before GC invocations=62313 (full 88):
 PSYoungGen      total 504832K, used 487936K [0x00000000e0080000, 0x00000000fff00000, 0x0000000100000000)
  eden space 487936K, 100% used [0x00000000e0080000,0x00000000fdd00000,0x00000000fdd00000)
  from space 16896K, 0% used [0x00000000fee80000,0x00000000fee80000,0x00000000fff00000)
  to   space 17408K, 0% used [0x00000000fdd00000,0x00000000fdd00000,0x00000000fee00000)
 ParOldGen       total 539648K, used 69211K [0x00000000a0200000, 0x00000000c1100000, 0x00000000e0080000)
  object space 539648K, 12% used [0x00000000a0200000,0x00000000a4596fd0,0x00000000c1100000)
 PSPermGen       total 21504K, used 11571K [0x000000009b000000, 0x000000009c500000, 0x00000000a0200000)
  object space 21504K, 53% used [0x000000009b000000,0x000000009bb4cea8,0x000000009c500000)

