# JRE version: Java(TM) SE Runtime Environment (7.0_51-b13) (build 1.7.0_51-b13)
# Java VM: Java HotSpot(TM) 64-Bit Server VM (24.51-b03 mixed mode windows-amd64 compressed oops)
Heap
 PSYoungGen      total 504832K, used 504384K [0x00000000e0080000, 0x0000000100000000, 0x0000000100000000)
  eden space 502784K, 100% used [0x00000000e0080000,0x00000000feb80000,0x00000000feb80000)
  from space 2048K, 78% used [0x00000000feb80000,0x00000000fed10000,0x00000000fed80000)
  to   space 2560K, 50% used [0x00000000ffd80000,0x00000000ffec0000,0x0000000100000000)
 ParOldGen       total 62976K, used 30410K [0x00000000a0200000, 0x00000000a3f80000, 0x00000000e0080000)
  object space 62976K, 48% used [0x00000000a0200000,0x00000000a1fb2830,0x00000000a3f80000)
 PSPermGen       total 21504K, used 10907K [0x000000009b000000, 0x000000009c500000, 0x00000000a0200000)
  object space 21504K, 50% used [0x000000009b000000,0x000000009baa6eb8,0x000000009c500000)
GC Heap History (10 events):
Event: 21973.915 GC heap after
Heap after GC invocations=18504 (full 63):
 PSYoungGen      total 356864K, used 800K [0x00000000e0080000, 0x00000000feb80000, 0x0000000100000000)
  eden space 355840K, 0% used [0x00000000e0080000,0x00000000e0080000,0x00000000f5c00000)
  from space 1024K, 78% used [0x00000000fe980000,0x00000000fea48000,0x00000000fea80000)
  to   space 1024K, 0% used [0x00000000fea80000,0x00000000fea80000,0x00000000feb80000)
 ParOldGen       total 62976K, used 24474K [0x00000000a0200000, 0x00000000a3f80000, 0x00000000e0080000)
  object space 62976K, 38% used [0x00000000a0200000,0x00000000a19e6830,0x00000000a3f80000)
 PSPermGen       total 21504K, used 10907K [0x000000009b000000, 0x000000009c500000, 0x00000000a0200000)
  object space 21504K, 50% used [0x000000009b000000,0x000000009baa6eb8,0x000000009c500000)
}
Event: 21974.755 GC heap before
{Heap before GC invocations=18505 (full 63):
 PSYoungGen      total 356864K, used 356640K [0x00000000e0080000, 0x00000000feb80000, 0x0000000100000000)
  eden space 355840K, 100% used [0x00000000e0080000,0x00000000f5c00000,0x00000000f5c00000)
  from space 1024K, 78% used [0x00000000fe980000,0x00000000fea48000,0x00000000fea80000)
  to   space 1024K, 0% used [0x00000000fea80000,0x00000000fea80000,0x00000000feb80000)
 ParOldGen       total 62976K, used 24474K [0x00000000a0200000, 0x00000000a3f80000, 0x00000000e0080000)
  object space 62976K, 38% used [0x00000000a0200000,0x00000000a19e6830,0x00000000a3f80000)
 PSPermGen       total 21504K, used 10907K [0x000000009b000000, 0x000000009c500000, 0x00000000a0200000)
  object space 21504K, 50% used [0x000000009b000000,0x000000009baa6eb8,0x000000009c500000)
Event: 21974.765 GC heap after
Heap after GC invocations=18505 (full 63):
 PSYoungGen      total 423936K, used 1024K [0x00000000e0080000, 0x00000000feb80000, 0x0000000100000000)
  eden space 422912K, 0% used [0x00000000e0080000,0x00000000e0080000,0x00000000f9d80000)
  from space 1024K, 100% used [0x00000000fea80000,0x00000000feb80000,0x00000000feb80000)
  to   space 1536K, 0% used [0x00000000fe880000,0x00000000fe880000,0x00000000fea00000)
 ParOldGen       total 62976K, used 25242K [0x00000000a0200000, 0x00000000a3f80000, 0x00000000e0080000)
  object space 62976K, 40% used [0x00000000a0200000,0x00000000a1aa6830,0x00000000a3f80000)
 PSPermGen       total 21504K, used 10907K [0x000000009b000000, 0x000000009c500000, 0x00000000a0200000)
  object space 21504K, 50% used [0x000000009b000000,0x000000009baa6eb8,0x000000009c500000)
}
Event: 21975.706 GC heap before
{Heap before GC invocations=18506 (full 63):
 PSYoungGen      total 423936K, used 423936K [0x00000000e0080000, 0x00000000feb80000, 0x0000000100000000)
  eden space 422912K, 100% used [0x00000000e0080000,0x00000000f9d80000,0x00000000f9d80000)
  from space 1024K, 100% used [0x00000000fea80000,0x00000000feb80000,0x00000000feb80000)
  to   space 1536K, 0% used [0x00000000fe880000,0x00000000fe880000,0x00000000fea00000)
 ParOldGen       total 62976K, used 25242K [0x00000000a0200000, 0x00000000a3f80000, 0x00000000e0080000)
  object space 62976K, 40% used [0x00000000a0200000,0x00000000a1aa6830,0x00000000a3f80000)
 PSPermGen       total 21504K, used 10907K [0x000000009b000000, 0x000000009c500000, 0x00000000a0200000)
  object space 21504K, 50% used [0x000000009b000000,0x000000009baa6eb8,0x000000009c500000)
Event: 21975.715 GC heap after
Heap after GC invocations=18506 (full 63):
 PSYoungGen      total 501248K, used 1376K [0x00000000e0080000, 0x00000000fef80000, 0x0000000100000000)
  eden space 499712K, 0% used [0x00000000e0080000,0x00000000e0080000,0x00000000fe880000)
  from space 1536K, 89% used [0x00000000fe880000,0x00000000fe9d8000,0x00000000fea00000)
  to   space 2048K, 0% used [0x00000000fed80000,0x00000000fed80000,0x00000000fef80000)
 ParOldGen       total 62976K, used 26266K [0x00000000a0200000, 0x00000000a3f80000, 0x00000000e0080000)
  object space 62976K, 41% used [0x00000000a0200000,0x00000000a1ba6830,0x00000000a3f80000)
 PSPermGen       total 21504K, used 10907K [0x000000009b000000, 0x000000009c500000, 0x00000000a0200000)
  object space 21504K, 50% used [0x000000009b000000,0x000000009baa6eb8,0x000000009c500000)
}
Event: 21976.796 GC heap before
{Heap before GC invocations=18507 (full 63):
 PSYoungGen      total 501248K, used 501088K [0x00000000e0080000, 0x00000000fef80000, 0x0000000100000000)
  eden space 499712K, 100% used [0x00000000e0080000,0x00000000fe880000,0x00000000fe880000)
  from space 1536K, 89% used [0x00000000fe880000,0x00000000fe9d8000,0x00000000fea00000)
  to   space 2048K, 0% used [0x00000000fed80000,0x00000000fed80000,0x00000000fef80000)
 ParOldGen       total 62976K, used 26266K [0x00000000a0200000, 0x00000000a3f80000, 0x00000000e0080000)
  object space 62976K, 41% used [0x00000000a0200000,0x00000000a1ba6830,0x00000000a3f80000)
 PSPermGen       total 21504K, used 10907K [0x000000009b000000, 0x000000009c500000, 0x00000000a0200000)
  object space 21504K, 50% used [0x000000009b000000,0x000000009baa6eb8,0x000000009c500000)
Event: 21976.807 GC heap after
Heap after GC invocations=18507 (full 63):
 PSYoungGen      total 504832K, used 1504K [0x00000000e0080000, 0x0000000100000000, 0x0000000100000000)
  eden space 502784K, 0% used [0x00000000e0080000,0x00000000e0080000,0x00000000feb80000)
  from space 2048K, 73% used [0x00000000fed80000,0x00000000feef8000,0x00000000fef80000)
  to   space 2048K, 0% used [0x00000000feb80000,0x00000000feb80000,0x00000000fed80000)
 ParOldGen       total 62976K, used 27482K [0x00000000a0200000, 0x00000000a3f80000, 0x00000000e0080000)
  object space 62976K, 43% used [0x00000000a0200000,0x00000000a1cd6830,0x00000000a3f80000)
 PSPermGen       total 21504K, used 10907K [0x000000009b000000, 0x000000009c500000, 0x00000000a0200000)
  object space 21504K, 50% used [0x000000009b000000,0x000000009baa6eb8,0x000000009c500000)
}
Event: 21977.868 GC heap before
{Heap before GC invocations=18508 (full 63):
 PSYoungGen      total 504832K, used 504288K [0x00000000e0080000, 0x0000000100000000, 0x0000000100000000)
  eden space 502784K, 100% used [0x00000000e0080000,0x00000000feb80000,0x00000000feb80000)
  from space 2048K, 73% used [0x00000000fed80000,0x00000000feef8000,0x00000000fef80000)
  to   space 2048K, 0% used [0x00000000feb80000,0x00000000feb80000,0x00000000fed80000)
 ParOldGen       total 62976K, used 27482K [0x00000000a0200000, 0x00000000a3f80000, 0x00000000e0080000)
  object space 62976K, 43% used [0x00000000a0200000,0x00000000a1cd6830,0x00000000a3f80000)
 PSPermGen       total 21504K, used 10907K [0x000000009b000000, 0x000000009c500000, 0x00000000a0200000)
  object space 21504K, 50% used [0x000000009b000000,0x000000009baa6eb8,0x000000009c500000)
Event: 21977.881 GC heap after
Heap after GC invocations=18508 (full 63):
 PSYoungGen      total 504832K, used 1600K [0x00000000e0080000, 0x0000000100000000, 0x0000000100000000)
  eden space 502784K, 0% used [0x00000000e0080000,0x00000000e0080000,0x00000000feb80000)
  from space 2048K, 78% used [0x00000000feb80000,0x00000000fed10000,0x00000000fed80000)
  to   space 2560K, 0% used [0x00000000ffd80000,0x00000000ffd80000,0x0000000100000000)
 ParOldGen       total 62976K, used 28930K [0x00000000a0200000, 0x00000000a3f80000, 0x00000000e0080000)
  object space 62976K, 45% used [0x00000000a0200000,0x00000000a1e40830,0x00000000a3f80000)
 PSPermGen       total 21504K, used 10907K [0x000000009b000000, 0x000000009c500000, 0x00000000a0200000)
  object space 21504K, 50% used [0x000000009b000000,0x000000009baa6eb8,0x000000009c500000)
}
Event: 21978.966 GC heap before
{Heap before GC invocations=18509 (full 63):
 PSYoungGen      total 504832K, used 504384K [0x00000000e0080000, 0x0000000100000000, 0x0000000100000000)
  eden space 502784K, 100% used [0x00000000e0080000,0x00000000feb80000,0x00000000feb80000)
  from space 2048K, 78% used [0x00000000feb80000,0x00000000fed10000,0x00000000fed80000)
  to   space 2560K, 0% used [0x00000000ffd80000,0x00000000ffd80000,0x0000000100000000)
 ParOldGen       total 62976K, used 28930K [0x00000000a0200000, 0x00000000a3f80000, 0x00000000e0080000)
  object space 62976K, 45% used [0x00000000a0200000,0x00000000a1e40830,0x00000000a3f80000)
 PSPermGen       total 21504K, used 10907K [0x000000009b000000, 0x000000009c500000, 0x00000000a0200000)
  object space 21504K, 50% used [0x000000009b000000,0x000000009baa6eb8,0x000000009c500000)

