# JRE version: Java(TM) SE Runtime Environment (7.0_51-b13) (build 1.7.0_51-b13)
# Java VM: Java HotSpot(TM) 64-Bit Server VM (24.51-b03 mixed mode windows-amd64 compressed oops)
Heap
 PSYoungGen      total 516608K, used 374516K [0x00000000e0080000, 0x0000000100000000, 0x0000000100000000)
  eden space 510464K, 72% used [0x00000000e0080000,0x00000000f6c451c8,0x00000000ff300000)
  from space 6144K, 32% used [0x00000000ff300000,0x00000000ff4f8000,0x00000000ff900000)
  to   space 6144K, 0% used [0x00000000ffa00000,0x00000000ffa00000,0x0000000100000000)
 ParOldGen       total 134144K, used 124924K [0x00000000a0200000, 0x00000000a8500000, 0x00000000e0080000)
  object space 134144K, 93% used [0x00000000a0200000,0x00000000a7bff1f0,0x00000000a8500000)
 PSPermGen       total 21504K, used 11690K [0x000000009b000000, 0x000000009c500000, 0x00000000a0200000)
  object space 21504K, 54% used [0x000000009b000000,0x000000009bb6a908,0x000000009c500000)
GC Heap History (10 events):
Event: 1122.094 GC heap before
{Heap before GC invocations=4822 (full 23):
 PSYoungGen      total 517120K, used 515360K [0x00000000e0080000, 0x0000000100000000, 0x0000000100000000)
  eden space 511488K, 100% used [0x00000000e0080000,0x00000000ff400000,0x00000000ff400000)
  from space 5632K, 68% used [0x00000000ffa80000,0x00000000ffe48000,0x0000000100000000)
  to   space 6144K, 0% used [0x00000000ff400000,0x00000000ff400000,0x00000000ffa00000)
 ParOldGen       total 134144K, used 107260K [0x00000000a0200000, 0x00000000a8500000, 0x00000000e0080000)
  object space 134144K, 79% used [0x00000000a0200000,0x00000000a6abf1f0,0x00000000a8500000)
 PSPermGen       total 21504K, used 11690K [0x000000009b000000, 0x000000009c500000, 0x00000000a0200000)
  object space 21504K, 54% used [0x000000009b000000,0x000000009bb6a908,0x000000009c500000)
Event: 1122.112 GC heap after
Heap after GC invocations=4822 (full 23):
 PSYoungGen      total 515584K, used 4000K [0x00000000e0080000, 0x0000000100000000, 0x0000000100000000)
  eden space 511488K, 0% used [0x00000000e0080000,0x00000000e0080000,0x00000000ff400000)
  from space 4096K, 97% used [0x00000000ff400000,0x00000000ff7e8000,0x00000000ff800000)
  to   space 6656K, 0% used [0x00000000ff980000,0x00000000ff980000,0x0000000100000000)
 ParOldGen       total 134144K, used 111036K [0x00000000a0200000, 0x00000000a8500000, 0x00000000e0080000)
  object space 134144K, 82% used [0x00000000a0200000,0x00000000a6e6f1f0,0x00000000a8500000)
 PSPermGen       total 21504K, used 11690K [0x000000009b000000, 0x000000009c500000, 0x00000000a0200000)
  object space 21504K, 54% used [0x000000009b000000,0x000000009bb6a908,0x000000009c500000)
}
Event: 1122.343 GC heap before
{Heap before GC invocations=4823 (full 23):
 PSYoungGen      total 515584K, used 515488K [0x00000000e0080000, 0x0000000100000000, 0x0000000100000000)
  eden space 511488K, 100% used [0x00000000e0080000,0x00000000ff400000,0x00000000ff400000)
  from space 4096K, 97% used [0x00000000ff400000,0x00000000ff7e8000,0x00000000ff800000)
  to   space 6656K, 0% used [0x00000000ff980000,0x00000000ff980000,0x0000000100000000)
 ParOldGen       total 134144K, used 111036K [0x00000000a0200000, 0x00000000a8500000, 0x00000000e0080000)
  object space 134144K, 82% used [0x00000000a0200000,0x00000000a6e6f1f0,0x00000000a8500000)
 PSPermGen       total 21504K, used 11690K [0x000000009b000000, 0x000000009c500000, 0x00000000a0200000)
  object space 21504K, 54% used [0x000000009b000000,0x000000009bb6a908,0x000000009c500000)
Event: 1122.362 GC heap after
Heap after GC invocations=4823 (full 23):
 PSYoungGen      total 517120K, used 4352K [0x00000000e0080000, 0x0000000100000000, 0x0000000100000000)
  eden space 510464K, 0% used [0x00000000e0080000,0x00000000e0080000,0x00000000ff300000)
  from space 6656K, 65% used [0x00000000ff980000,0x00000000ffdc0000,0x0000000100000000)
  to   space 6656K, 0% used [0x00000000ff300000,0x00000000ff300000,0x00000000ff980000)
 ParOldGen       total 134144K, used 114892K [0x00000000a0200000, 0x00000000a8500000, 0x00000000e0080000)
  object space 134144K, 85% used [0x00000000a0200000,0x00000000a72331f0,0x00000000a8500000)
 PSPermGen       total 21504K, used 11690K [0x000000009b000000, 0x000000009c500000, 0x00000000a0200000)
  object space 21504K, 54% used [0x000000009b000000,0x000000009bb6a908,0x000000009c500000)
}
Event: 1122.586 GC heap before
{Heap before GC invocations=4824 (full 23):
 PSYoungGen      total 517120K, used 514816K [0x00000000e0080000, 0x0000000100000000, 0x0000000100000000)
  eden space 510464K, 100% used [0x00000000e0080000,0x00000000ff300000,0x00000000ff300000)
  from space 6656K, 65% used [0x00000000ff980000,0x00000000ffdc0000,0x0000000100000000)
  to   space 6656K, 0% used [0x00000000ff300000,0x00000000ff300000,0x00000000ff980000)
 ParOldGen       total 134144K, used 114892K [0x00000000a0200000, 0x00000000a8500000, 0x00000000e0080000)
  object space 134144K, 85% used [0x00000000a0200000,0x00000000a72331f0,0x00000000a8500000)
 PSPermGen       total 21504K, used 11690K [0x000000009b000000, 0x000000009c500000, 0x00000000a0200000)
  object space 21504K, 54% used [0x000000009b000000,0x000000009bb6a908,0x000000009c500000)
Event: 1122.605 GC heap after
Heap after GC invocations=4824 (full 23):
 PSYoungGen      total 517120K, used 2976K [0x00000000e0080000, 0x0000000100000000, 0x0000000100000000)
  eden space 510464K, 0% used [0x00000000e0080000,0x00000000e0080000,0x00000000ff300000)
  from space 6656K, 44% used [0x00000000ff300000,0x00000000ff5e8000,0x00000000ff980000)
  to   space 6656K, 0% used [0x00000000ff980000,0x00000000ff980000,0x0000000100000000)
 ParOldGen       total 134144K, used 119148K [0x00000000a0200000, 0x00000000a8500000, 0x00000000e0080000)
  object space 134144K, 88% used [0x00000000a0200000,0x00000000a765b1f0,0x00000000a8500000)
 PSPermGen       total 21504K, used 11690K [0x000000009b000000, 0x000000009c500000, 0x00000000a0200000)
  object space 21504K, 54% used [0x000000009b000000,0x000000009bb6a908,0x000000009c500000)
}
Event: 1122.839 GC heap before
{Heap before GC invocations=4825 (full 23):
 PSYoungGen      total 517120K, used 513440K [0x00000000e0080000, 0x0000000100000000, 0x0000000100000000)
  eden space 510464K, 100% used [0x00000000e0080000,0x00000000ff300000,0x00000000ff300000)
  from space 6656K, 44% used [0x00000000ff300000,0x00000000ff5e8000,0x00000000ff980000)
  to   space 6656K, 0% used [0x00000000ff980000,0x00000000ff980000,0x0000000100000000)
 ParOldGen       total 134144K, used 119148K [0x00000000a0200000, 0x00000000a8500000, 0x00000000e0080000)
  object space 134144K, 88% used [0x00000000a0200000,0x00000000a765b1f0,0x00000000a8500000)
 PSPermGen       total 21504K, used 11690K [0x000000009b000000, 0x000000009c500000, 0x00000000a0200000)
  object space 21504K, 54% used [0x000000009b000000,0x000000009bb6a908,0x000000009c500000)
Event: 1122.858 GC heap after
Heap after GC invocations=4825 (full 23):
 PSYoungGen      total 516096K, used 3008K [0x00000000e0080000, 0x00000000fff00000, 0x0000000100000000)
  eden space 510464K, 0% used [0x00000000e0080000,0x00000000e0080000,0x00000000ff300000)
  from space 5632K, 53% used [0x00000000ff980000,0x00000000ffc70000,0x00000000fff00000)
  to   space 6144K, 0% used [0x00000000ff300000,0x00000000ff300000,0x00000000ff900000)
 ParOldGen       total 134144K, used 122044K [0x00000000a0200000, 0x00000000a8500000, 0x00000000e0080000)
  object space 134144K, 90% used [0x00000000a0200000,0x00000000a792f1f0,0x00000000a8500000)
 PSPermGen       total 21504K, used 11690K [0x000000009b000000, 0x000000009c500000, 0x00000000a0200000)
  object space 21504K, 54% used [0x000000009b000000,0x000000009bb6a908,0x000000009c500000)
}
Event: 1123.089 GC heap before
{Heap before GC invocations=4826 (full 23):
 PSYoungGen      total 516096K, used 513472K [0x00000000e0080000, 0x00000000fff00000, 0x0000000100000000)
  eden space 510464K, 100% used [0x00000000e0080000,0x00000000ff300000,0x00000000ff300000)
  from space 5632K, 53% used [0x00000000ff980000,0x00000000ffc70000,0x00000000fff00000)
  to   space 6144K, 0% used [0x00000000ff300000,0x00000000ff300000,0x00000000ff900000)
 ParOldGen       total 134144K, used 122044K [0x00000000a0200000, 0x00000000a8500000, 0x00000000e0080000)
  object space 134144K, 90% used [0x00000000a0200000,0x00000000a792f1f0,0x00000000a8500000)
 PSPermGen       total 21504K, used 11690K [0x000000009b000000, 0x000000009c500000, 0x00000000a0200000)
  object space 21504K, 54% used [0x000000009b000000,0x000000009bb6a908,0x000000009c500000)
Event: 1123.102 GC heap after
Heap after GC invocations=4826 (full 23):
 PSYoungGen      total 516608K, used 2016K [0x00000000e0080000, 0x0000000100000000, 0x0000000100000000)
  eden space 510464K, 0% used [0x00000000e0080000,0x00000000e0080000,0x00000000ff300000)
  from space 6144K, 32% used [0x00000000ff300000,0x00000000ff4f8000,0x00000000ff900000)
  to   space 6144K, 0% used [0x00000000ffa00000,0x00000000ffa00000,0x0000000100000000)
 ParOldGen       total 134144K, used 124924K [0x00000000a0200000, 0x00000000a8500000, 0x00000000e0080000)
  object space 134144K, 93% used [0x00000000a0200000,0x00000000a7bff1f0,0x00000000a8500000)
 PSPermGen       total 21504K, used 11690K [0x000000009b000000, 0x000000009c500000, 0x00000000a0200000)
  object space 21504K, 54% used [0x000000009b000000,0x000000009bb6a908,0x000000009c500000)
}

